[INFO  Tue 30 Apr 2024 10:04:36 AM AEST] ...ree.nvim/lua/neo-tree/sources/filesystem/lib/fs_scan.lua:110: No items, skipping git ignored/status lookups
[INFO  Sat 04 May 2024 01:44:31 PM AEST] ...ree.nvim/lua/neo-tree/sources/filesystem/lib/fs_scan.lua:110: No items, skipping git ignored/status lookups
[INFO  Sat 04 May 2024 08:24:15 PM AEST] ...ree.nvim/lua/neo-tree/sources/filesystem/lib/fs_scan.lua:110: No items, skipping git ignored/status lookups
[INFO  Sat 04 May 2024 08:24:17 PM AEST] ...ree.nvim/lua/neo-tree/sources/filesystem/lib/fs_scan.lua:110: No items, skipping git ignored/status lookups
[INFO  Sat 04 May 2024 08:24:17 PM AEST] ...ree.nvim/lua/neo-tree/sources/filesystem/lib/fs_scan.lua:110: No items, skipping git ignored/status lookups
[INFO  Sat 04 May 2024 08:24:25 PM AEST] ...ree.nvim/lua/neo-tree/sources/filesystem/lib/fs_scan.lua:110: No items, skipping git ignored/status lookups
[INFO  Sat 04 May 2024 08:24:25 PM AEST] ...ree.nvim/lua/neo-tree/sources/filesystem/lib/fs_scan.lua:110: No items, skipping git ignored/status lookups
[INFO  Sat 04 May 2024 08:34:20 PM AEST] ...ree.nvim/lua/neo-tree/sources/filesystem/lib/fs_scan.lua:110: No items, skipping git ignored/status lookups
[INFO  Sat 04 May 2024 08:34:24 PM AEST] ...ree.nvim/lua/neo-tree/sources/filesystem/lib/fs_scan.lua:110: No items, skipping git ignored/status lookups
[INFO  Sat 04 May 2024 08:34:24 PM AEST] ...ree.nvim/lua/neo-tree/sources/filesystem/lib/fs_scan.lua:110: No items, skipping git ignored/status lookups
[INFO  Sat 04 May 2024 08:34:26 PM AEST] ...ree.nvim/lua/neo-tree/sources/filesystem/lib/fs_scan.lua:110: No items, skipping git ignored/status lookups
[INFO  Sat 04 May 2024 08:34:26 PM AEST] ...ree.nvim/lua/neo-tree/sources/filesystem/lib/fs_scan.lua:110: No items, skipping git ignored/status lookups
[INFO  Mon 06 May 2024 12:38:03 PM AEST] ...ree.nvim/lua/neo-tree/sources/filesystem/lib/fs_scan.lua:110: No items, skipping git ignored/status lookups
[INFO  Mon 13 May 2024 10:09:03 AM AEST] ...ree.nvim/lua/neo-tree/sources/filesystem/lib/fs_scan.lua:110: No items, skipping git ignored/status lookups
[INFO  Tue 14 May 2024 11:17:41 AM AEST] ...ree.nvim/lua/neo-tree/sources/filesystem/lib/fs_scan.lua:110: No items, skipping git ignored/status lookups
[INFO  Tue 14 May 2024 01:38:10 PM AEST] ...ree.nvim/lua/neo-tree/sources/filesystem/lib/fs_scan.lua:110: No items, skipping git ignored/status lookups
[INFO  Tue 14 May 2024 01:39:39 PM AEST] ...ree.nvim/lua/neo-tree/sources/filesystem/lib/fs_scan.lua:110: No items, skipping git ignored/status lookups
[INFO  Tue 14 May 2024 01:40:24 PM AEST] ...ree.nvim/lua/neo-tree/sources/filesystem/lib/fs_scan.lua:110: No items, skipping git ignored/status lookups
[WARN  Thu 16 May 2024 07:31:55 PM AEST] ...hare/nvim/lazy/neo-tree.nvim/lua/neo-tree/setup/init.lua:308: Cannot close because one of the files is modified. Please save or discard changes.
[WARN  Thu 16 May 2024 07:31:57 PM AEST] ...hare/nvim/lazy/neo-tree.nvim/lua/neo-tree/setup/init.lua:308: Cannot close because one of the files is modified. Please save or discard changes.
[INFO  Fri 17 May 2024 12:25:01 PM AEST] ...ree.nvim/lua/neo-tree/sources/filesystem/lib/fs_scan.lua:110: No items, skipping git ignored/status lookups
